<?xml version="1.0" encoding="UTF-8"?>
<!-- Generated by org.testng.reporters.JUnitXMLReporter -->
<testsuite ignored="0" hostname="DESKTOP-8CNVCLP" failures="2" tests="4" name="PetTests" time="3.368" errors="0" timestamp="2024-08-29T01:03:39 IST">
  <testcase classname="api.test.UserTests" name="testPostUser" time="1.859"/>
  <testcase classname="api.test.UserTests" name="testGetUserByName" time="0.207">
    <failure type="java.lang.AssertionError" message="expected [200] but found [404]">
      <![CDATA[java.lang.AssertionError: expected [200] but found [404]
at api.test.UserTests.testGetUserByName(UserTests.java:79)
at java.base/java.util.ArrayList.forEach(ArrayList.java:1597)
... Removed 36 stack frames]]>
    </failure>
  </testcase> <!-- testGetUserByName -->
  <testcase classname="api.test.UserTests" name="testUpdateUserByName" time="0.159"/>
  <testcase classname="api.test.UserTests" name="testDeleteUserName" time="0.158">
    <failure type="java.lang.AssertionError" message="expected [200] but found [404]">
      <![CDATA[java.lang.AssertionError: expected [200] but found [404]
at api.test.UserTests.testDeleteUserName(UserTests.java:103)
at java.base/java.util.ArrayList.forEach(ArrayList.java:1597)
... Removed 36 stack frames]]>
    </failure>
  </testcase> <!-- testDeleteUserName -->
</testsuite> <!-- PetTests -->
